0 info it worked if it ends with ok
1 verbose cli [ 'node',
1 verbose cli   '/usr/local/bin/npm',
1 verbose cli   'install',
1 verbose cli   '-g',
1 verbose cli   'generator-angular-bootstrap-less' ]
2 info using npm@1.4.28
3 info using node@v0.10.32
4 verbose cache add [ 'generator-angular-bootstrap-less', null ]
5 verbose cache add name=undefined spec="generator-angular-bootstrap-less" args=["generator-angular-bootstrap-less",null]
6 verbose parsed url { protocol: null,
6 verbose parsed url   slashes: null,
6 verbose parsed url   auth: null,
6 verbose parsed url   host: null,
6 verbose parsed url   port: null,
6 verbose parsed url   hostname: null,
6 verbose parsed url   hash: null,
6 verbose parsed url   search: null,
6 verbose parsed url   query: null,
6 verbose parsed url   pathname: 'generator-angular-bootstrap-less',
6 verbose parsed url   path: 'generator-angular-bootstrap-less',
6 verbose parsed url   href: 'generator-angular-bootstrap-less' }
7 silly lockFile 62ccf8b5-generator-angular-bootstrap-less generator-angular-bootstrap-less
8 verbose lock generator-angular-bootstrap-less /Users/nicktaras/.npm/62ccf8b5-generator-angular-bootstrap-less.lock
9 silly lockFile 62ccf8b5-generator-angular-bootstrap-less generator-angular-bootstrap-less
10 silly lockFile 62ccf8b5-generator-angular-bootstrap-less generator-angular-bootstrap-less
11 verbose addNamed [ 'generator-angular-bootstrap-less', '' ]
12 verbose addNamed [ null, '*' ]
13 silly lockFile 472369c6-generator-angular-bootstrap-less generator-angular-bootstrap-less@
14 verbose lock generator-angular-bootstrap-less@ /Users/nicktaras/.npm/472369c6-generator-angular-bootstrap-less.lock
15 silly addNameRange { name: 'generator-angular-bootstrap-less',
15 silly addNameRange   range: '*',
15 silly addNameRange   hasData: false }
16 verbose request where is /generator-angular-bootstrap-less
17 verbose request registry https://registry.npmjs.org/
18 verbose request id 54bc30e141a7c0b2
19 verbose url raw /generator-angular-bootstrap-less
20 verbose url resolving [ 'https://registry.npmjs.org/',
20 verbose url resolving   './generator-angular-bootstrap-less' ]
21 verbose url resolved https://registry.npmjs.org/generator-angular-bootstrap-less
22 verbose request where is https://registry.npmjs.org/generator-angular-bootstrap-less
23 info trying registry request attempt 1 at 14:34:49
24 http GET https://registry.npmjs.org/generator-angular-bootstrap-less
25 http 200 https://registry.npmjs.org/generator-angular-bootstrap-less
26 silly registry.get cb [ 200,
26 silly registry.get   { date: 'Tue, 23 Sep 2014 04:33:56 GMT',
26 silly registry.get     server: 'CouchDB/1.5.0 (Erlang OTP/R16B03)',
26 silly registry.get     etag: '"12ZT5C5UFZBRIS806A70IJSSF"',
26 silly registry.get     'content-type': 'application/json',
26 silly registry.get     'cache-control': 'max-age=60',
26 silly registry.get     'content-length': '16039',
26 silly registry.get     'accept-ranges': 'bytes',
26 silly registry.get     via: '1.1 varnish',
26 silly registry.get     age: '0',
26 silly registry.get     'x-served-by': 'cache-syd1621-SYD',
26 silly registry.get     'x-cache': 'MISS',
26 silly registry.get     'x-cache-hits': '0',
26 silly registry.get     'x-timer': 'S1411446836.274153,VS0,VE368',
26 silly registry.get     vary: 'Accept',
26 silly registry.get     'keep-alive': 'timeout=10, max=50',
26 silly registry.get     connection: 'Keep-Alive' } ]
27 silly addNameRange number 2 { name: 'generator-angular-bootstrap-less',
27 silly addNameRange   range: '*',
27 silly addNameRange   hasData: true }
28 silly addNameRange versions [ 'generator-angular-bootstrap-less',
28 silly addNameRange   [ '0.0.0', '0.1.0', '0.1.1', '1.0.0' ] ]
29 verbose addNamed [ 'generator-angular-bootstrap-less', '1.0.0' ]
30 verbose addNamed [ '1.0.0', '1.0.0' ]
31 silly lockFile 0b962a30-tor-angular-bootstrap-less-1-0-0 generator-angular-bootstrap-less@1.0.0
32 verbose lock generator-angular-bootstrap-less@1.0.0 /Users/nicktaras/.npm/0b962a30-tor-angular-bootstrap-less-1-0-0.lock
33 silly lockFile ea3217dc-angular-bootstrap-less-1-0-0-tgz https://registry.npmjs.org/generator-angular-bootstrap-less/-/generator-angular-bootstrap-less-1.0.0.tgz
34 verbose lock https://registry.npmjs.org/generator-angular-bootstrap-less/-/generator-angular-bootstrap-less-1.0.0.tgz /Users/nicktaras/.npm/ea3217dc-angular-bootstrap-less-1-0-0-tgz.lock
35 verbose addRemoteTarball [ 'https://registry.npmjs.org/generator-angular-bootstrap-less/-/generator-angular-bootstrap-less-1.0.0.tgz',
35 verbose addRemoteTarball   '0fe543709582cbbb7581806a1de217e3c4f5832a' ]
36 info retry fetch attempt 1 at 14:34:50
37 verbose fetch to= /var/folders/vr/r48k1xcs5p523htbk4_p73680000gn/T/npm-944-94r9IbIj/registry.npmjs.org/generator-angular-bootstrap-less/-/generator-angular-bootstrap-less-1.0.0.tgz
38 http GET https://registry.npmjs.org/generator-angular-bootstrap-less/-/generator-angular-bootstrap-less-1.0.0.tgz
39 http 200 https://registry.npmjs.org/generator-angular-bootstrap-less/-/generator-angular-bootstrap-less-1.0.0.tgz
40 silly lockFile ea3217dc-angular-bootstrap-less-1-0-0-tgz https://registry.npmjs.org/generator-angular-bootstrap-less/-/generator-angular-bootstrap-less-1.0.0.tgz
41 silly lockFile ea3217dc-angular-bootstrap-less-1-0-0-tgz https://registry.npmjs.org/generator-angular-bootstrap-less/-/generator-angular-bootstrap-less-1.0.0.tgz
42 silly lockFile 0b962a30-tor-angular-bootstrap-less-1-0-0 generator-angular-bootstrap-less@1.0.0
43 silly lockFile 0b962a30-tor-angular-bootstrap-less-1-0-0 generator-angular-bootstrap-less@1.0.0
44 silly lockFile 472369c6-generator-angular-bootstrap-less generator-angular-bootstrap-less@
45 silly lockFile 472369c6-generator-angular-bootstrap-less generator-angular-bootstrap-less@
46 silly resolved [ { name: 'generator-angular-bootstrap-less',
46 silly resolved     version: '1.0.0',
46 silly resolved     description: 'Yeoman generator for applications using AngularJS, Bootstrap and LESS',
46 silly resolved     keywords: [ 'yeoman-generator' ],
46 silly resolved     homepage: 'https://github.com/paptamas/generator-angular-bootstrap-less',
46 silly resolved     bugs: { url: 'https://github.com/paptamas/generator-angular-bootstrap-less/issues' },
46 silly resolved     author: { name: 'Pap Tamás', url: 'https://github.com/paptamas' },
46 silly resolved     main: 'app/index.js',
46 silly resolved     repository:
46 silly resolved      { type: 'git',
46 silly resolved        url: 'git://github.com/paptamas/generator-angular-bootstrap-less.git' },
46 silly resolved     scripts: { test: 'mocha' },
46 silly resolved     dependencies: { 'yeoman-generator': '~0.13.0' },
46 silly resolved     devDependencies: { mocha: '~1.12.0' },
46 silly resolved     peerDependencies: { yo: '>=1.0.0' },
46 silly resolved     engines: { node: '>=0.8.0', npm: '>=1.2.10' },
46 silly resolved     licenses: [ [Object] ],
46 silly resolved     readme: '# generator-angular-bootstrap-less [![Build Status](https://secure.travis-ci.org/paptamas/generator-angular-bootstrap-less.png?branch=master)](https://travis-ci.org/paptamas/generator-angular-bootstrap-less)\r\n\r\nA generator for [Yeoman](http://yeoman.io).\r\n\r\n\r\n## Getting Started\r\n\r\n### What is Yeoman?\r\n\r\nTrick question. It\'s not a thing. It\'s this guy:\r\n\r\n![](http://i.imgur.com/JHaAlBJ.png)\r\n\r\nBasically, he wears a top hat, lives in your computer, and waits for you to tell him what kind of application you wish to create.\r\n\r\nNot every new computer comes with a Yeoman pre-installed. He lives in the [npm](https://npmjs.org) package repository. You only have to ask for him once, then he packs up and moves into your hard drive. *Make sure you clean up, he likes new and shiny things.*\r\n\r\n```\r\n$ npm install -g yo\r\n```\r\n\r\n### Yeoman Generators\r\n\r\nYeoman travels light. He didn\'t pack any generators when he moved in. You can think of a generator like a plug-in. You get to choose what type of application you wish to create, such as a Backbone application or even a Chrome extension.\r\n\r\nTo install generator-angular-bootstrap-less from npm, run:\r\n\r\n```\r\n$ npm install -g generator-angular-bootstrap-less\r\n```\r\n\r\nFinally, initiate the generator:\r\n\r\n```\r\n$ yo angular-bootstrap-less\r\n```\r\n\r\n### Getting To Know Yeoman\r\n\r\nYeoman has a heart of gold. He\'s a person with feelings and opinions, but he\'s very easy to work with. If you think he\'s too opinionated, he can be easily convinced.\r\n\r\nIf you\'d like to get to know Yeoman better and meet some of his friends, [Grunt](http://gruntjs.com) and [Bower](http://bower.io), check out the complete [Getting Started Guide](https://github.com/yeoman/yeoman/wiki/Getting-Started).\r\n\r\n\r\n## License\r\n\r\n[MIT License](http://en.wikipedia.org/wiki/MIT_License)\r\n',
46 silly resolved     readmeFilename: 'README.md',
46 silly resolved     _id: 'generator-angular-bootstrap-less@1.0.0',
46 silly resolved     dist:
46 silly resolved      { shasum: '0fe543709582cbbb7581806a1de217e3c4f5832a',
46 silly resolved        tarball: 'http://registry.npmjs.org/generator-angular-bootstrap-less/-/generator-angular-bootstrap-less-1.0.0.tgz' },
46 silly resolved     _from: 'generator-angular-bootstrap-less@',
46 silly resolved     _npmVersion: '1.3.11',
46 silly resolved     _npmUser: { name: 'paptamas', email: 'paptamas@gmail.com' },
46 silly resolved     maintainers: [ [Object] ],
46 silly resolved     directories: {},
46 silly resolved     _shasum: '0fe543709582cbbb7581806a1de217e3c4f5832a',
46 silly resolved     _resolved: 'https://registry.npmjs.org/generator-angular-bootstrap-less/-/generator-angular-bootstrap-less-1.0.0.tgz' } ]
47 info install generator-angular-bootstrap-less@1.0.0 into /Users/nicktaras/.node/lib
48 info installOne generator-angular-bootstrap-less@1.0.0
49 verbose lib/node_modules/generator-angular-bootstrap-less unbuild
50 verbose tar unpack /Users/nicktaras/.npm/generator-angular-bootstrap-less/1.0.0/package.tgz
51 silly lockFile d0bfe035-generator-angular-bootstrap-less tar:///Users/nicktaras/.node/lib/node_modules/generator-angular-bootstrap-less
52 verbose lock tar:///Users/nicktaras/.node/lib/node_modules/generator-angular-bootstrap-less /Users/nicktaras/.npm/d0bfe035-generator-angular-bootstrap-less.lock
53 silly lockFile 76cf92e0-bootstrap-less-1-0-0-package-tgz tar:///Users/nicktaras/.npm/generator-angular-bootstrap-less/1.0.0/package.tgz
54 verbose lock tar:///Users/nicktaras/.npm/generator-angular-bootstrap-less/1.0.0/package.tgz /Users/nicktaras/.npm/76cf92e0-bootstrap-less-1-0-0-package-tgz.lock
55 silly gunzTarPerm modes [ '755', '644' ]
56 error Error: EACCES, mkdir '/Users/nicktaras/.node/lib/node_modules/generator-angular-bootstrap-less'
56 error  { [Error: EACCES, mkdir '/Users/nicktaras/.node/lib/node_modules/generator-angular-bootstrap-less']
56 error   errno: 3,
56 error   code: 'EACCES',
56 error   path: '/Users/nicktaras/.node/lib/node_modules/generator-angular-bootstrap-less',
56 error   fstream_type: 'Directory',
56 error   fstream_path: '/Users/nicktaras/.node/lib/node_modules/generator-angular-bootstrap-less',
56 error   fstream_class: 'DirWriter',
56 error   fstream_stack:
56 error    [ '/usr/local/lib/node_modules/npm/node_modules/fstream/lib/dir-writer.js:36:23',
56 error      '/usr/local/lib/node_modules/npm/node_modules/mkdirp/index.js:46:53',
56 error      'Object.oncomplete (fs.js:107:15)' ] }
57 error Please try running this command again as root/Administrator.
58 error System Darwin 13.3.0
59 error command "node" "/usr/local/bin/npm" "install" "-g" "generator-angular-bootstrap-less"
60 error cwd /Users/nicktaras/Documents/Nick/projects/Mike Taras/e-learning/modules/quiz
61 error node -v v0.10.32
62 error npm -v 1.4.28
63 error path /Users/nicktaras/.node/lib/node_modules/generator-angular-bootstrap-less
64 error fstream_path /Users/nicktaras/.node/lib/node_modules/generator-angular-bootstrap-less
65 error fstream_type Directory
66 error fstream_class DirWriter
67 error code EACCES
68 error errno 3
69 error stack Error: EACCES, mkdir '/Users/nicktaras/.node/lib/node_modules/generator-angular-bootstrap-less'
70 error fstream_stack /usr/local/lib/node_modules/npm/node_modules/fstream/lib/dir-writer.js:36:23
70 error fstream_stack /usr/local/lib/node_modules/npm/node_modules/mkdirp/index.js:46:53
70 error fstream_stack Object.oncomplete (fs.js:107:15)
71 verbose exit [ 3, true ]
